<?xml version="1.0" encoding="UTF-8"?>
<testsuite name="agh.ics.oop.MapEngineTest" tests="4" skipped="0" failures="0" errors="0" timestamp="2022-11-30T13:15:01" hostname="DESKTOP-RA4A3K2" time="0.053">
  <properties/>
  <testcase name="PlaceAnimalExceptionTest()" classname="agh.ics.oop.MapEngineTest" time="0.034"/>
  <testcase name="EngineTest1()" classname="agh.ics.oop.MapEngineTest" time="0.008"/>
  <testcase name="EngineTes2()" classname="agh.ics.oop.MapEngineTest" time="0.005"/>
  <testcase name="OptionParserExceptionTest()" classname="agh.ics.oop.MapEngineTest" time="0.003"/>
  <system-out><![CDATA[ y\x  0 1 2 3 4 5 6 7 8 9
  5: ---------------------
  4: | | | |N| | | | | | |
  3: | | | | | | | | | | |
  2: | | | | | | | | | | |
  1: | | | | | | | | | | |
  0: | | |S| | | | | | | |
 -1: ---------------------

 y\x  0 1 2 3 4 5 6 7 8 9
  5: ---------------------
  4: | | | |N| | | | | | |
  3: | | |N| | | | | | | |
  2: | | | | | | | | | | |
  1: | | | | | | | | | | |
  0: | | | | | | | | | | |
 -1: ---------------------

]]></system-out>
  <system-err><![CDATA[]]></system-err>
</testsuite>
